<?xml version="1.0" encoding="UTF-8"?>
<!-- Generated by org.testng.reporters.JUnitXMLReporter -->
<testsuite hostname="prashanths-wi8" ignored="0" name="Motorola Droid Ultra" tests="1" failures="1" timestamp="02 Jul 2018 06:01:16 GMT" time="286.91" errors="0">
  <testcase name="verifySMSRequestandResponse" time="123.758" classname="ePrize.androidMobile.SMSTest.MotorolaUltraAndroidSMSTest">
    <failure type="java.lang.AssertionError" message="expected [BUDWEISER &amp;amp; BUD LIGHT BASEBALL COOLIE Sweepstakes: Reply YES to receive recurring msgs hwld.co/QWUl9F Consent not req 4 purch. Msg&amp;amp;DataRatesMayApply] but found []">
      <![CDATA[java.lang.AssertionError: expected [BUDWEISER & BUD LIGHT BASEBALL COOLIE Sweepstakes: Reply YES to receive recurring msgs hwld.co/QWUl9F Consent not req 4 purch. Msg&DataRatesMayApply] but found []
at ePrize.androidMobile.PageObjects.MotorolaUltraAndroidHomePageObjects.verifyvalidReponseText(MotorolaUltraAndroidHomePageObjects.java:184)
at ePrize.androidMobile.SMSTest.MotorolaUltraAndroidSMSTest.verifySMSRequestandResponse(MotorolaUltraAndroidSMSTest.java:47)
... Removed 31 stack frames]]>
    </failure>
  </testcase> <!-- verifySMSRequestandResponse -->
</testsuite> <!-- Motorola Droid Ultra -->
